============================= test session starts =============================
platform win32 -- Python 3.11.9, pytest-8.2.0, pluggy-1.6.0 -- C:\Users\saida\AppData\Local\Programs\Python\Python311\python.exe
cachedir: .pytest_cache
rootdir: C:\Users\saida\OneDrive\Desktop\documind
configfile: pytest.ini
plugins: anyio-4.12.1, asyncio-1.3.0
asyncio: mode=Mode.AUTO, debug=False, asyncio_default_fixture_loop_scope=session, asyncio_default_test_loop_scope=session
collecting ... collected 4 items

tests/test_documents.py::test_upload_valid_pdf PASSED                    [ 25%]
tests/test_documents.py::test_list_documents PASSED                      [ 50%]
tests/test_documents.py::test_get_document_status PASSED                 [ 75%]
tests/test_documents.py::test_delete_document PASSED                     [100%]

============================== 4 passed in 0.51s ==============================
